============================= test session starts =============================
platform win32 -- Python 3.13.12, pytest-8.4.2, pluggy-1.6.0 -- C:\Users\Alastair Mackie\AppData\Local\Microsoft\WindowsApps\PythonSoftwareFoundation.Python.3.13_qbz5n2kfra8p0\python.exe
cachedir: .pytest_cache
rootdir: C:\Users\Alastair Mackie\.gemini\antigravity\scratch\elite_concierge_ai\backend
configfile: pytest.ini
plugins: anyio-4.11.0, langsmith-0.4.42, asyncio-0.23.5
asyncio: mode=Mode.AUTO
collecting ... collected 0 items / 1 error

=================================== ERRORS ====================================
__________________ ERROR collecting tests/test_proactive.py ___________________
ImportError while importing test module 'C:\Users\Alastair Mackie\.gemini\antigravity\scratch\elite_concierge_ai\backend\tests\test_proactive.py'.
Hint: make sure your test modules/packages have valid Python names.
Traceback:
C:\Program Files\WindowsApps\PythonSoftwareFoundation.Python.3.13_3.13.3312.0_x64__qbz5n2kfra8p0\Lib\importlib\__init__.py:88: in import_module
    return _bootstrap._gcd_import(name[level:], package, level)
           ^^^^^^^^^^^^^^^^^^^^^^^^^^^^^^^^^^^^^^^^^^^^^^^^^^^^
tests\test_proactive.py:8: in <module>
    from app.main import app
app\main.py:40: in <module>
    from app.api.routes.webhook import router as webhook_router
E   ModuleNotFoundError: No module named 'app.api.routes.webhook'
------------------------------- Captured stderr -------------------------------
2026-03-02 23:11:32,178 [INFO] numexpr.utils: NumExpr defaulting to 12 threads.
2026-03-02 23:11:32,747 [INFO] elite-concierge: Retriever: Using MOCK embeddings (Dev Mode)
============================== warnings summary ===============================
app\users.py:21
  C:\Users\Alastair Mackie\.gemini\antigravity\scratch\elite_concierge_ai\backend\app\users.py:21: PydanticDeprecatedSince20: Support for class-based `config` is deprecated, use ConfigDict instead. Deprecated in Pydantic V2.0 to be removed in V3.0. See Pydantic V2 Migration Guide at https://errors.pydantic.dev/2.12/migration/
    class UserResponse(BaseModel):

-- Docs: https://docs.pytest.org/en/stable/how-to/capture-warnings.html
=========================== short test summary info ===========================
ERROR tests/test_proactive.py
!!!!!!!!!!!!!!!!!!! Interrupted: 1 error during collection !!!!!!!!!!!!!!!!!!!!
========================= 1 warning, 1 error in 4.57s =========================
