============================= test session starts =============================
platform win32 -- Python 3.13.12, pytest-8.4.2, pluggy-1.6.0 -- C:\Users\Alastair Mackie\AppData\Local\Microsoft\WindowsApps\PythonSoftwareFoundation.Python.3.13_qbz5n2kfra8p0\python.exe
cachedir: .pytest_cache
rootdir: C:\Users\Alastair Mackie\.gemini\antigravity\scratch\elite_concierge_ai\backend
configfile: pytest.ini
plugins: anyio-4.11.0, langsmith-0.4.42, asyncio-1.3.0
asyncio: mode=Mode.AUTO, debug=False, asyncio_default_fixture_loop_scope=None, asyncio_default_test_loop_scope=function
collecting ... collected 0 items / 1 error

=================================== ERRORS ====================================
__________________ ERROR collecting tests/test_proactive.py ___________________
..\..\..\..\..\AppData\Local\Packages\PythonSoftwareFoundation.Python.3.13_qbz5n2kfra8p0\LocalCache\local-packages\Python313\site-packages\_pytest\python.py:498: in importtestmodule
    mod = import_path(
..\..\..\..\..\AppData\Local\Packages\PythonSoftwareFoundation.Python.3.13_qbz5n2kfra8p0\LocalCache\local-packages\Python313\site-packages\_pytest\pathlib.py:587: in import_path
    importlib.import_module(module_name)
C:\Program Files\WindowsApps\PythonSoftwareFoundation.Python.3.13_3.13.3312.0_x64__qbz5n2kfra8p0\Lib\importlib\__init__.py:88: in import_module
    return _bootstrap._gcd_import(name[level:], package, level)
           ^^^^^^^^^^^^^^^^^^^^^^^^^^^^^^^^^^^^^^^^^^^^^^^^^^^^
<frozen importlib._bootstrap>:1387: in _gcd_import
    ???
<frozen importlib._bootstrap>:1360: in _find_and_load
    ???
<frozen importlib._bootstrap>:1331: in _find_and_load_unlocked
    ???
<frozen importlib._bootstrap>:935: in _load_unlocked
    ???
..\..\..\..\..\AppData\Local\Packages\PythonSoftwareFoundation.Python.3.13_qbz5n2kfra8p0\LocalCache\local-packages\Python313\site-packages\_pytest\assertion\rewrite.py:186: in exec_module
    exec(co, module.__dict__)
tests\test_proactive.py:8: in <module>
    from app.main import app
app\main.py:40: in <module>
    from app.api.routes.proactive import router as proactive_router
E     File "C:\Users\Alastair Mackie\.gemini\antigravity\scratch\elite_concierge_ai\backend\app\api\routes\proactive.py", line 68
E       @router.get("/today", response_model=MorningBriefingResponse)
E   SyntaxError: expected 'except' or 'finally' block
------------------------------- Captured stderr -------------------------------
2026-03-02 23:38:46,988 [INFO] numexpr.utils: NumExpr defaulting to 12 threads.
2026-03-02 23:38:47,463 [INFO] elite-concierge: Retriever: Using MOCK embeddings (Dev Mode)
============================== warnings summary ===============================
app\users.py:21
  C:\Users\Alastair Mackie\.gemini\antigravity\scratch\elite_concierge_ai\backend\app\users.py:21: PydanticDeprecatedSince20: Support for class-based `config` is deprecated, use ConfigDict instead. Deprecated in Pydantic V2.0 to be removed in V3.0. See Pydantic V2 Migration Guide at https://errors.pydantic.dev/2.12/migration/
    class UserResponse(BaseModel):

-- Docs: https://docs.pytest.org/en/stable/how-to/capture-warnings.html
=========================== short test summary info ===========================
ERROR tests/test_proactive.py
!!!!!!!!!!!!!!!!!!! Interrupted: 1 error during collection !!!!!!!!!!!!!!!!!!!!
========================= 1 warning, 1 error in 4.44s =========================
